<?xml version="1.0" encoding="UTF-8"?>
<!-- Generated by org.testng.reporters.JUnitXMLReporter -->
<testsuite hostname="DESKTOP-4SC5RBR" ignored="0" name="Test" tests="21" failures="1" timestamp="26 Apr 2018 11:47:07 GMT" time="265.309" errors="0">
  <testcase name="performLandingPageActivity" time="11.753" classname="priority2.VerifyNoMatchFoundInvalidSecurityName"/>
  <testcase name="verifyNoMatchFound" time="1.566" classname="priority2.VerifyNoMatchFoundInvalidSecurityName"/>
  <testcase name="performLandingPageActivity" time="12.352" classname="priority2.SearchSecurityCodeFromTable"/>
  <testcase name="clickOnSecurityCode" time="35.61" classname="priority2.SearchSecurityCodeFromTable"/>
  <testcase name="performLandingPageActivity" time="13.567" classname="priority2.WrongSecurityNameSelection"/>
  <testcase name="verifyMismatchOfSecurityName" time="9.91" classname="priority2.WrongSecurityNameSelection"/>
  <testcase name="performLandingPageActivity" time="11.299" classname="priority2.MismatchOfSecurityName"/>
  <testcase name="verifyMismatchOfSecurityName" time="10.418" classname="priority2.MismatchOfSecurityName"/>
  <testcase name="performLandingPageActivity" time="11.152" classname="priority2.VerifyNoMatchFoundInvalidSecurityCode"/>
  <testcase name="verifyNoMatchFound" time="2.351" classname="priority2.VerifyNoMatchFoundInvalidSecurityCode">
    <failure type="java.lang.AssertionError" message="expected [No Match found] but found [Not able to select Value]">
      <![CDATA[java.lang.AssertionError: expected [No Match found] but found [Not able to select Value]
	at priority2.VerifyNoMatchFoundInvalidSecurityCode.verifyNoMatchFound(VerifyNoMatchFoundInvalidSecurityCode.java:39)
... Removed 31 stack frames]]>
    </failure>
  </testcase> <!-- verifyNoMatchFound -->
  <testcase name="storeMultipleQuickLinksTitle" time="6.341" classname="priority1.VerifyMultipleQuickLinksTitle"/>
  <testcase name="storeMultipleQuickLinksTitle" time="5.166" classname="priority1.VerifyMultipleQuickLinksTitle"/>
  <testcase name="storeMultipleQuickLinksTitle" time="3.016" classname="priority1.VerifyMultipleQuickLinksTitle"/>
  <testcase name="verifyMultipleQuickLinksTitle" time="0.001" classname="priority1.VerifyMultipleQuickLinksTitle"/>
  <testcase name="performLandingPageActivity" time="14.185" classname="priority2.VerifyResultDateInBetweenFromAndTo"/>
  <testcase name="verifyResultDate" time="29.43" classname="priority2.VerifyResultDateInBetweenFromAndTo"/>
  <testcase name="performLandingPageActivity" time="13.715" classname="priority2.SelectNameFromDropDownUsingSecurityCode"/>
  <testcase name="verifySecurityName" time="12.383" classname="priority2.SelectNameFromDropDownUsingSecurityCode"/>
  <testcase name="landingPageTitleVerification" time="12.53" classname="priority1.LandingPageTitleVerification"/>
  <testcase name="performLandingPageActivity" time="20.76" classname="priority2.SelectNameFromDropDownUsingSecurityName"/>
  <testcase name="verifyMismatchOfSecurityName" time="12.103" classname="priority2.SelectNameFromDropDownUsingSecurityName"/>
</testsuite> <!-- Test -->
