<html>
<head>
<title>TestNG:  Test</title>
<link href="../testng.css" rel="stylesheet" type="text/css" />
<link href="../my-testng.css" rel="stylesheet" type="text/css" />

<style type="text/css">
.log { display: none;} 
.stack-trace { display: none;} 
</style>
<script type="text/javascript">
<!--
function flip(e) {
  current = e.style.display;
  if (current == 'block') {
    e.style.display = 'none';
    return 0;
  }
  else {
    e.style.display = 'block';
    return 1;
  }
}

function toggleBox(szDivId, elem, msg1, msg2)
{
  var res = -1;  if (document.getElementById) {
    res = flip(document.getElementById(szDivId));
  }
  else if (document.all) {
    // this is the way old msie versions work
    res = flip(document.all[szDivId]);
  }
  if(elem) {
    if(res == 0) elem.innerHTML = msg1; else elem.innerHTML = msg2;
  }

}

function toggleAllBoxes() {
  if (document.getElementsByTagName) {
    d = document.getElementsByTagName('div');
    for (i = 0; i < d.length; i++) {
      if (d[i].className == 'log') {
        flip(d[i]);
      }
    }
  }
}

// -->
</script>

</head>
<body>
<h2 align='center'>Test</h2><table border='1' align="center">
<tr>
<td>Tests passed/Failed/Skipped:</td><td>20/1/0</td>
</tr><tr>
<td>Started on:</td><td>Thu Apr 26 17:12:42 IST 2018</td>
</tr>
<tr><td>Total time:</td><td>265 seconds (265309 ms)</td>
</tr><tr>
<td>Included groups:</td><td></td>
</tr><tr>
<td>Excluded groups:</td><td></td>
</tr>
</table><p/>
<small><i>(Hover the method name to see the test class name)</i></small><p/>
<table width='100%' border='1' class='invocation-failed'>
<tr><td colspan='4' align='center'><b>FAILED TESTS</b></td></tr>
<tr><td><b>Test method</b></td>
<td width="30%"><b>Exception</b></td>
<td width="10%"><b>Time (seconds)</b></td>
<td><b>Instance</b></td>
</tr>
<tr>
<td title='priority2.VerifyNoMatchFoundInvalidSecurityCode.verifyNoMatchFound()'><b>verifyNoMatchFound</b><br>Test class: priority2.VerifyNoMatchFoundInvalidSecurityCode</td>
<td><div><pre>java.lang.AssertionError: expected [No Match found] but found [Not able to select Value]
	at priority2.VerifyNoMatchFoundInvalidSecurityCode.verifyNoMatchFound(VerifyNoMatchFoundInvalidSecurityCode.java:39)
... Removed 31 stack frames</pre></div><a href='#' onClick='toggleBox("stack-trace974308356", this, "Click to show all stack frames", "Click to hide stack frames")'>Click to show all stack frames</a>
<div class='stack-trace' id='stack-trace974308356'><pre>java.lang.AssertionError: expected [No Match found] but found [Not able to select Value]
	at org.testng.Assert.fail(Assert.java:93)
	at org.testng.Assert.failNotEquals(Assert.java:512)
	at org.testng.Assert.assertEqualsImpl(Assert.java:134)
	at org.testng.Assert.assertEquals(Assert.java:115)
	at org.testng.Assert.assertEquals(Assert.java:189)
	at org.testng.Assert.assertEquals(Assert.java:199)
	at priority2.VerifyNoMatchFoundInvalidSecurityCode.verifyNoMatchFound(VerifyNoMatchFoundInvalidSecurityCode.java:39)
	at sun.reflect.NativeMethodAccessorImpl.invoke0(Native Method)
	at sun.reflect.NativeMethodAccessorImpl.invoke(NativeMethodAccessorImpl.java:62)
	at sun.reflect.DelegatingMethodAccessorImpl.invoke(DelegatingMethodAccessorImpl.java:43)
	at java.lang.reflect.Method.invoke(Method.java:498)
	at org.testng.internal.MethodInvocationHelper.invokeMethod(MethodInvocationHelper.java:108)
	at org.testng.internal.Invoker.invokeMethod(Invoker.java:661)
	at org.testng.internal.Invoker.invokeTestMethod(Invoker.java:869)
	at org.testng.internal.Invoker.invokeTestMethods(Invoker.java:1193)
	at org.testng.internal.TestMethodWorker.invokeTestMethods(TestMethodWorker.java:126)
	at org.testng.internal.TestMethodWorker.run(TestMethodWorker.java:109)
	at org.testng.TestRunner.privateRun(TestRunner.java:744)
	at org.testng.TestRunner.run(TestRunner.java:602)
	at org.testng.SuiteRunner.runTest(SuiteRunner.java:380)
	at org.testng.SuiteRunner.runSequentially(SuiteRunner.java:375)
	at org.testng.SuiteRunner.privateRun(SuiteRunner.java:340)
	at org.testng.SuiteRunner.run(SuiteRunner.java:289)
	at org.testng.SuiteRunnerWorker.runSuite(SuiteRunnerWorker.java:52)
	at org.testng.SuiteRunnerWorker.run(SuiteRunnerWorker.java:86)
	at org.testng.TestNG.runSuitesSequentially(TestNG.java:1301)
	at org.testng.TestNG.runSuitesLocally(TestNG.java:1226)
	at org.testng.TestNG.runSuites(TestNG.java:1144)
	at org.testng.TestNG.run(TestNG.java:1115)
	at org.testng.remote.AbstractRemoteTestNG.run(AbstractRemoteTestNG.java:132)
	at org.testng.remote.RemoteTestNG.initAndRun(RemoteTestNG.java:230)
	at org.testng.remote.RemoteTestNG.main(RemoteTestNG.java:76)
</pre></div></td>
<td>2</td>
<td>priority2.VerifyNoMatchFoundInvalidSecurityCode@35047d03</td></tr>
</table><p>
<table width='100%' border='1' class='invocation-passed'>
<tr><td colspan='4' align='center'><b>PASSED TESTS</b></td></tr>
<tr><td><b>Test method</b></td>
<td width="30%"><b>Exception</b></td>
<td width="10%"><b>Time (seconds)</b></td>
<td><b>Instance</b></td>
</tr>
<tr>
<td title='priority2.SearchSecurityCodeFromTable.clickOnSecurityCode()'><b>clickOnSecurityCode</b><br>Test class: priority2.SearchSecurityCodeFromTable</td>
<td></td>
<td>35</td>
<td>priority2.SearchSecurityCodeFromTable@6fe7aac8</td></tr>
<tr>
<td title='priority1.LandingPageTitleVerification.landingPageTitleVerification()'><b>landingPageTitleVerification</b><br>Test class: priority1.LandingPageTitleVerification</td>
<td></td>
<td>12</td>
<td>priority1.LandingPageTitleVerification@4c9f8c13</td></tr>
<tr>
<td title='priority2.VerifyNoMatchFoundInvalidSecurityName.performLandingPageActivity()'><b>performLandingPageActivity</b><br>Test class: priority2.VerifyNoMatchFoundInvalidSecurityName</td>
<td></td>
<td>11</td>
<td>priority2.VerifyNoMatchFoundInvalidSecurityName@69b2283a</td></tr>
<tr>
<td title='priority2.SearchSecurityCodeFromTable.performLandingPageActivity()'><b>performLandingPageActivity</b><br>Test class: priority2.SearchSecurityCodeFromTable</td>
<td></td>
<td>12</td>
<td>priority2.SearchSecurityCodeFromTable@6fe7aac8</td></tr>
<tr>
<td title='priority2.WrongSecurityNameSelection.performLandingPageActivity()'><b>performLandingPageActivity</b><br>Test class: priority2.WrongSecurityNameSelection</td>
<td></td>
<td>13</td>
<td>priority2.WrongSecurityNameSelection@1d119efb</td></tr>
<tr>
<td title='priority2.MismatchOfSecurityName.performLandingPageActivity()'><b>performLandingPageActivity</b><br>Test class: priority2.MismatchOfSecurityName</td>
<td></td>
<td>11</td>
<td>priority2.MismatchOfSecurityName@76908cc0</td></tr>
<tr>
<td title='priority2.VerifyNoMatchFoundInvalidSecurityCode.performLandingPageActivity()'><b>performLandingPageActivity</b><br>Test class: priority2.VerifyNoMatchFoundInvalidSecurityCode</td>
<td></td>
<td>11</td>
<td>priority2.VerifyNoMatchFoundInvalidSecurityCode@35047d03</td></tr>
<tr>
<td title='priority2.VerifyResultDateInBetweenFromAndTo.performLandingPageActivity()'><b>performLandingPageActivity</b><br>Test class: priority2.VerifyResultDateInBetweenFromAndTo</td>
<td></td>
<td>14</td>
<td>priority2.VerifyResultDateInBetweenFromAndTo@bef2d72</td></tr>
<tr>
<td title='priority2.SelectNameFromDropDownUsingSecurityCode.performLandingPageActivity()'><b>performLandingPageActivity</b><br>Test class: priority2.SelectNameFromDropDownUsingSecurityCode</td>
<td></td>
<td>13</td>
<td>priority2.SelectNameFromDropDownUsingSecurityCode@769f71a9</td></tr>
<tr>
<td title='priority2.SelectNameFromDropDownUsingSecurityName.performLandingPageActivity()'><b>performLandingPageActivity</b><br>Test class: priority2.SelectNameFromDropDownUsingSecurityName</td>
<td></td>
<td>20</td>
<td>priority2.SelectNameFromDropDownUsingSecurityName@5ae50ce6</td></tr>
<tr>
<td title='priority1.VerifyMultipleQuickLinksTitle.storeMultipleQuickLinksTitle()'><b>storeMultipleQuickLinksTitle</b><br>Test class: priority1.VerifyMultipleQuickLinksTitle<br>Parameters: Get Quote</td>
<td></td>
<td>6</td>
<td>priority1.VerifyMultipleQuickLinksTitle@5223e5ee</td></tr>
<tr>
<td title='priority1.VerifyMultipleQuickLinksTitle.storeMultipleQuickLinksTitle()'><b>storeMultipleQuickLinksTitle</b><br>Test class: priority1.VerifyMultipleQuickLinksTitle<br>Parameters: Charting</td>
<td></td>
<td>5</td>
<td>priority1.VerifyMultipleQuickLinksTitle@5223e5ee</td></tr>
<tr>
<td title='priority1.VerifyMultipleQuickLinksTitle.storeMultipleQuickLinksTitle()'><b>storeMultipleQuickLinksTitle</b><br>Test class: priority1.VerifyMultipleQuickLinksTitle<br>Parameters: Trading Holidays</td>
<td></td>
<td>3</td>
<td>priority1.VerifyMultipleQuickLinksTitle@5223e5ee</td></tr>
<tr>
<td title='priority2.WrongSecurityNameSelection.verifyMismatchOfSecurityName()'><b>verifyMismatchOfSecurityName</b><br>Test class: priority2.WrongSecurityNameSelection</td>
<td></td>
<td>9</td>
<td>priority2.WrongSecurityNameSelection@1d119efb</td></tr>
<tr>
<td title='priority2.MismatchOfSecurityName.verifyMismatchOfSecurityName()'><b>verifyMismatchOfSecurityName</b><br>Test class: priority2.MismatchOfSecurityName</td>
<td></td>
<td>10</td>
<td>priority2.MismatchOfSecurityName@76908cc0</td></tr>
<tr>
<td title='priority2.SelectNameFromDropDownUsingSecurityName.verifyMismatchOfSecurityName()'><b>verifyMismatchOfSecurityName</b><br>Test class: priority2.SelectNameFromDropDownUsingSecurityName</td>
<td></td>
<td>12</td>
<td>priority2.SelectNameFromDropDownUsingSecurityName@5ae50ce6</td></tr>
<tr>
<td title='priority1.VerifyMultipleQuickLinksTitle.verifyMultipleQuickLinksTitle()'><b>verifyMultipleQuickLinksTitle</b><br>Test class: priority1.VerifyMultipleQuickLinksTitle</td>
<td></td>
<td>0</td>
<td>priority1.VerifyMultipleQuickLinksTitle@5223e5ee</td></tr>
<tr>
<td title='priority2.VerifyNoMatchFoundInvalidSecurityName.verifyNoMatchFound()'><b>verifyNoMatchFound</b><br>Test class: priority2.VerifyNoMatchFoundInvalidSecurityName</td>
<td></td>
<td>1</td>
<td>priority2.VerifyNoMatchFoundInvalidSecurityName@69b2283a</td></tr>
<tr>
<td title='priority2.VerifyResultDateInBetweenFromAndTo.verifyResultDate()'><b>verifyResultDate</b><br>Test class: priority2.VerifyResultDateInBetweenFromAndTo</td>
<td></td>
<td>29</td>
<td>priority2.VerifyResultDateInBetweenFromAndTo@bef2d72</td></tr>
<tr>
<td title='priority2.SelectNameFromDropDownUsingSecurityCode.verifySecurityName()'><b>verifySecurityName</b><br>Test class: priority2.SelectNameFromDropDownUsingSecurityCode</td>
<td></td>
<td>12</td>
<td>priority2.SelectNameFromDropDownUsingSecurityCode@769f71a9</td></tr>
</table><p>
</body>
</html>