<?xml version="1.0" encoding="UTF-8"?>
<!-- Generated by org.testng.reporters.JUnitXMLReporter -->
<testsuite hostname="DESKTOP-4SC5RBR" name="Test" tests="21" failures="5" timestamp="25 Mar 2017 17:44:15 GMT" time="462.82" errors="0">
  <testcase name="ieTestNG" time="34.277" classname="com.learnselenium.tng.IETestNG"/>
  <testcase name="loginGuru99" time="9.698" classname="dataDriven.Login"/>
  <testcase name="loginGuru99" time="8.682" classname="dataDriven.Login"/>
  <testcase name="loginGuru99" time="8.699" classname="dataDriven.Login">
    <failure type="java.lang.AssertionError" message="expected [Customer Login] but found [My Account]">
      <![CDATA[java.lang.AssertionError: expected [Customer Login] but found [My Account]
	at dataDriven.Login.loginGuru99(Login.java:46)
... Removed 29 stack frames]]>
    </failure>
  </testcase> <!-- loginGuru99 -->
  <testcase name="implicitWait1" time="71.9" classname="wait.ImplicitWait1">
    <failure type="org.openqa.selenium.NoSuchElementException" message="Unable to locate element: {&amp;quot;method&amp;quot;:&amp;quot;xpath&amp;quot;,&amp;quot;selector&amp;quot;:&amp;quot;//p[text()=&amp;apos;QTP&amp;apos;]&amp;quot;}
Command duration or timeout: 30.07 seconds
For documentation on this error, please visit: http://seleniumhq.org/exceptions/no_such_element.html
Build info: version: &amp;apos;2.45.0&amp;apos;, revision: &amp;apos;32a636c&amp;apos;, time: &amp;apos;2015-03-05 22:01:35&amp;apos;
System info: host: &amp;apos;DESKTOP-4SC5RBR&amp;apos;, ip: &amp;apos;192.168.56.1&amp;apos;, os.name: &amp;apos;Windows 10&amp;apos;, os.arch: &amp;apos;amd64&amp;apos;, os.version: &amp;apos;10.0&amp;apos;, java.version: &amp;apos;1.8.0_121&amp;apos;
Driver info: org.openqa.selenium.firefox.FirefoxDriver
Capabilities [{applicationCacheEnabled=true, rotatable=false, handlesAlerts=true, databaseEnabled=true, version=26.0, platform=WINDOWS, browserConnectionEnabled=true, nativeEvents=false, acceptSslCerts=true, webStorageEnabled=true, locationContextEnabled=true, browserName=firefox, takesScreenshot=true, javascriptEnabled=true, cssSelectorsEnabled=true}]
Session ID: c3052fed-ef9e-49a7-8e52-8a5152022146
*** Element info: {Using=xpath, value=//p[text()=&amp;apos;QTP&amp;apos;]}">
      <![CDATA[org.openqa.selenium.NoSuchElementException: Unable to locate element: {"method":"xpath","selector":"//p[text()='QTP']"}
Command duration or timeout: 30.07 seconds
For documentation on this error, please visit: http://seleniumhq.org/exceptions/no_such_element.html
Build info: version: '2.45.0', revision: '32a636c', time: '2015-03-05 22:01:35'
System info: host: 'DESKTOP-4SC5RBR', ip: '192.168.56.1', os.name: 'Windows 10', os.arch: 'amd64', os.version: '10.0', java.version: '1.8.0_121'
Driver info: org.openqa.selenium.firefox.FirefoxDriver
Capabilities [{applicationCacheEnabled=true, rotatable=false, handlesAlerts=true, databaseEnabled=true, version=26.0, platform=WINDOWS, browserConnectionEnabled=true, nativeEvents=false, acceptSslCerts=true, webStorageEnabled=true, locationContextEnabled=true, browserName=firefox, takesScreenshot=true, javascriptEnabled=true, cssSelectorsEnabled=true}]
Session ID: c3052fed-ef9e-49a7-8e52-8a5152022146
*** Element info: {Using=xpath, value=//p[text()='QTP']}
	at org.openqa.selenium.remote.ErrorHandler.createThrowable(ErrorHandler.java:204)
	at org.openqa.selenium.remote.ErrorHandler.throwIfResponseFailed(ErrorHandler.java:156)
	at org.openqa.selenium.remote.RemoteWebDriver.execute(RemoteWebDriver.java:599)
	at org.openqa.selenium.remote.RemoteWebDriver.findElement(RemoteWebDriver.java:352)
	at org.openqa.selenium.remote.RemoteWebDriver.findElementByXPath(RemoteWebDriver.java:449)
	at org.openqa.selenium.By$ByXPath.findElement(By.java:357)
	at org.openqa.selenium.remote.RemoteWebDriver.findElement(RemoteWebDriver.java:344)
	at wait.ImplicitWait1.implicitWait1(ImplicitWait1.java:28)
Caused by: org.openqa.selenium.NoSuchElementException: Unable to locate element: {"method":"xpath","selector":"//p[text()='QTP']"}
For documentation on this error, please visit: http://seleniumhq.org/exceptions/no_such_element.html
Build info: version: '2.45.0', revision: '32a636c', time: '2015-03-05 22:01:35'
System info: host: 'DESKTOP-4SC5RBR', ip: '192.168.56.1', os.name: 'Windows 10', os.arch: 'amd64', os.version: '10.0', java.version: '1.8.0_121'
Driver info: driver.version: unknown
	at <anonymous class>.FirefoxDriver.prototype.findElementInternal_(file:///C:/Users/sayan/AppData/Local/Temp/anonymous1810401965634235683webdriver-profile/extensions/fxdriver@googlecode.com/components/driver-component.js:10271)
	at <anonymous class>.fxdriver.Timer.prototype.setTimeout/<.notify(file:///C:/Users/sayan/AppData/Local/Temp/anonymous1810401965634235683webdriver-profile/extensions/fxdriver@googlecode.com/components/driver-component.js:603)
... Removed 28 stack frames]]>
    </failure>
  </testcase> <!-- implicitWait1 -->
  <testcase name="TestFireFox" time="11.546" classname="com.learnselenium.tng.LaunchFirefox"/>
  <testcase name="readWriteData" time="5.659" classname="readWriteExcel.ReadWriteExcelGeneric">
    <failure type="java.lang.IllegalArgumentException" message="Invalid column index (16384).  Allowable column range for EXCEL2007 is (0..16383) or (&amp;apos;A&amp;apos;..&amp;apos;XFD&amp;apos;)">
      <![CDATA[java.lang.IllegalArgumentException: Invalid column index (16384).  Allowable column range for EXCEL2007 is (0..16383) or ('A'..'XFD')
	at org.apache.poi.xssf.usermodel.XSSFCell.checkBounds(XSSFCell.java:1004)
	at org.apache.poi.xssf.usermodel.XSSFCell.setCellNum(XSSFCell.java:854)
	at org.apache.poi.xssf.usermodel.XSSFRow.createCell(XSSFRow.java:209)
	at org.apache.poi.xssf.usermodel.XSSFRow.createCell(XSSFRow.java:181)
	at org.apache.poi.xssf.usermodel.XSSFRow.createCell(XSSFRow.java:44)
	at readWriteLib.ReadWriteConfig.setAllData(ReadWriteConfig.java:106)
	at readWriteExcel.ReadWriteExcelGeneric.readWriteData(ReadWriteExcelGeneric.java:14)
... Removed 24 stack frames]]>
    </failure>
  </testcase> <!-- readWriteData -->
  <testcase name="dataBase" time="0.003" classname="dbConnection.TestDataBase">
    <failure type="java.lang.ClassNotFoundException" message="sun.jdbc.odbc.JdbcOdbcDriver">
      <![CDATA[java.lang.ClassNotFoundException: sun.jdbc.odbc.JdbcOdbcDriver
	at java.net.URLClassLoader.findClass(Unknown Source)
	at java.lang.ClassLoader.loadClass(Unknown Source)
	at sun.misc.Launcher$AppClassLoader.loadClass(Unknown Source)
	at java.lang.ClassLoader.loadClass(Unknown Source)
	at java.lang.Class.forName0(Native Method)
	at java.lang.Class.forName(Unknown Source)
	at dbConnection.TestDataBase.dataBase(TestDataBase.java:15)
... Removed 24 stack frames]]>
    </failure>
  </testcase> <!-- dataBase -->
  <testcase name="tryCatch" time="40.012" classname="wait.ImplicitWait"/>
  <testcase name="dropDownIndex" time="6.594" classname="dropDown.dropDown"/>
  <testcase name="dropDownVisible" time="4.766" classname="dropDown.dropDown"/>
  <testcase name="dropDownValue" time="4.599" classname="dropDown.dropDown"/>
  <testcase name="explicitWait" time="17.546" classname="wait.ExplicitWait"/>
  <testcase name="dropDownVisible" time="1.469" classname="dropDown.DropDown1"/>
  <testcase name="dropDownVisible" time="5.528" classname="dropDown.DropDown2"/>
  <testcase name="tryCatch" time="39.161" classname="exceptionHandling.ExceptionHandling1"/>
  <testcase name="upload" time="8.792" classname="autoIT.FileUpload1">
    <failure type="java.io.IOException" message="Cannot run program &amp;quot;C:\Selenium&amp;quot;: CreateProcess error=2, The system cannot find the file specified">
      <![CDATA[java.io.IOException: Cannot run program "C:\Selenium": CreateProcess error=2, The system cannot find the file specified
	at java.lang.ProcessBuilder.start(Unknown Source)
	at java.lang.Runtime.exec(Unknown Source)
	at java.lang.Runtime.exec(Unknown Source)
	at java.lang.Runtime.exec(Unknown Source)
	at autoIT.FileUpload1.upload(FileUpload1.java:20)
Caused by: java.io.IOException: CreateProcess error=2, The system cannot find the file specified
	at java.lang.ProcessImpl.create(Native Method)
	at java.lang.ProcessImpl.<init>(Unknown Source)
	at java.lang.ProcessImpl.start(Unknown Source)
	... 29 more
... Removed 24 stack frames]]>
    </failure>
  </testcase> <!-- upload -->
  <testcase name="read" time="0.536" classname="readWriteExcel.ReadExcelGeneric"/>
  <testcase name="start" time="9.435" classname="com.learnselenium.tng.Firefox"/>
  <testcase name="radioButton" time="0.681" classname="radioAndCheckbox.RadioAndCheckbox"/>
  <testcase name="checkBox" time="0.617" classname="radioAndCheckbox.RadioAndCheckbox"/>
</testsuite> <!-- Test -->
